Arguments: 
  C:\Program Files\nodejs\node.exe C:\Users\aaron\AppData\Roaming\npm\node_modules\yarn\bin\yarn.js add @polymer/polymer@next

PATH: 
  C:\ProgramData\Oracle\Java\javapath;C:\Program Files (x86)\Intel\iCLS Client\;C:\Program Files\Intel\iCLS Client\;C:\WINDOWS\system32;C:\WINDOWS;C:\WINDOWS\System32\Wbem;C:\WINDOWS\System32\WindowsPowerShell\v1.0\;C:\Program Files (x86)\Intel\Intel(R) Management Engine Components\DAL;C:\Program Files\Intel\Intel(R) Management Engine Components\DAL;C:\Program Files (x86)\Intel\Intel(R) Management Engine Components\IPT;C:\Program Files\Intel\Intel(R) Management Engine Components\IPT;C:\Program Files\Microsoft SQL Server\130\Tools\Binn\;C:\Program Files\dotnet\;C:\Program Files\Git\cmd;C:\Program Files\OpenVPN\bin;C:\Program Files\nodejs\;C:\Program Files\Intel\WiFi\bin\;C:\Program Files\Common Files\Intel\WirelessCommon\;C:\Users\aaron\AppData\Local\Microsoft\WindowsApps;C:\Users\aaron\AppData\Roaming\Dashlane\4.6.5.21982\bin\Firefox_Extension\{442718d9-475e-452a-b3e1-fb1ee16b8e9f}\components;C:\Users\aaron\AppData\Roaming\Dashlane\4.6.6.23032\bin\Firefox_Extension\{442718d9-475e-452a-b3e1-fb1ee16b8e9f}\components;C:\Users\aaron\AppData\Roaming\npm;%DASHLANE_DLL_DIR%;C:\Program Files\Microsoft VS Code\bin

Yarn version: 
  0.27.5

Node version: 
  7.7.4

Platform: 
  win32 x64

npm manifest: 
  {
    "name": "@leavittsoftware/polymer-ts",
    "version": "3.0.0-pre.1",
    "license": "MIT",
    "flat": true,
    "description": "Decorators and type definitions for Polymer 3",
    "contributors": [
      "Leavitt Software"
    ],
    "repository": "https://github.com/LssPolymerElements/polymer2-ts.git",
    "dependencies": {
      "@polymer/polymer": "next"
    },
    "devDependencies": {},
    "scripts": {
      "prepublish": "npm run build",
      // "postinstall": "yarn install",
      "lint": "tslint \"*.ts\"",
      "build": "tsc",
      "test": "npm run lint && npm run build"
    },
    "main": "index.js",
    "author": "Aaron Drabeck <github@aarondrabeck.com>"
  }

yarn manifest: 
  No manifest

Lockfile: 
  # THIS IS AN AUTOGENERATED FILE. DO NOT EDIT THIS FILE DIRECTLY.
  # yarn lockfile v1
  
  
  "@polymer/polymer@next":
    version "3.0.0-pre.1"
    resolved "https://registry.yarnpkg.com/@polymer/polymer/-/polymer-3.0.0-pre.1.tgz#9fc26b5259aad9265f324ced02de715991d2eabe"
    dependencies:
      "@webcomponents/shadycss" "^1.0.0"
      "@webcomponents/webcomponentsjs" "^1.0.0"
  
  "@webcomponents/shadycss@^1.0.0":
    version "1.0.5"
    resolved "https://registry.yarnpkg.com/@webcomponents/shadycss/-/shadycss-1.0.5.tgz#ff8537dd06c46f33eccee082cdecd9507bf39f56"
  
  "@webcomponents/webcomponentsjs@^1.0.0":
    version "1.0.9"
    resolved "https://registry.yarnpkg.com/@webcomponents/webcomponentsjs/-/webcomponentsjs-1.0.9.tgz#afbff641692f444785f076a9be76d59455855138"

Trace: 
  SyntaxError: D:\grandmaster-nosubmodules\PolymerElements\polymer2-ts\package.json: Unexpected token / in JSON at position 429
      at JSON.parse (<anonymous>)
      at C:\Users\aaron\AppData\Roaming\npm\node_modules\yarn\lib\util\fs.js:554:57
      at Generator.next (<anonymous>)
      at step (C:\Users\aaron\AppData\Roaming\npm\node_modules\yarn\node_modules\babel-runtime\helpers\asyncToGenerator.js:17:30)
      at C:\Users\aaron\AppData\Roaming\npm\node_modules\yarn\node_modules\babel-runtime\helpers\asyncToGenerator.js:28:13
